<?xml version="1.0" encoding="UTF-8"?>
<!-- Generated by org.testng.reporters.JUnitReportReporter -->
<testsuite hostname="PG03KMMT" failures="0" tests="2" name="com.botree.ConfigurationTest.PasswordResetTest" time="215.747" errors="0" timestamp="2024-06-11T12:54:14 IST" skipped="0">
  <testcase classname="com.botree.ConfigurationTest.PasswordResetTest" name="verifyUserAbleToDoPasswordResetInPortalAndCheckWheatherItIsReflectedIntoApk_PR001" time="191.909"/>
  <testcase classname="com.botree.ConfigurationTest.PasswordResetTest" name="verifyUserAbleToDoReserOldPasswordInPortal_PR002" time="23.838"/>
</testsuite> <!-- com.botree.ConfigurationTest.PasswordResetTest -->
