<?xml version="1.0" encoding="UTF-8"?>
<!-- Generated by org.testng.reporters.JUnitReportReporter -->
<testsuite hostname="PG03KMMT" failures="0" tests="2" name="com.botree.ReportTest.PJP_Report_PJP_Adherance_Test" time="202.208" errors="0" timestamp="2024-06-12T15:10:52 IST" skipped="0">
  <testcase classname="com.botree.ReportTest.PJP_Report_PJP_Adherance_Test" name="verifyUserAbleToDoPjpInPortalAndCheckWeatherItIsReflectingInApkAndSsfaPjpAdherenceReportInDateWise" time="102.359"/>
  <testcase classname="com.botree.ReportTest.PJP_Report_PJP_Adherance_Test" name="verifyUserAbleToDoPjpInPortalAndCheckWeatherItIsReflectingInApkAndSsfaPjpAdherenceReportInMonthWise" time="99.849"/>
</testsuite> <!-- com.botree.ReportTest.PJP_Report_PJP_Adherance_Test -->
