<?xml version="1.0" encoding="UTF-8"?>
<!-- Generated by org.testng.reporters.JUnitReportReporter -->
<testsuite hostname="PG03KMMT" failures="0" tests="3" name="com.botree.FieldActivityTest.ActivitySequenceTest" time="460.861" errors="0" timestamp="2024-06-11T12:54:14 IST" skipped="0">
  <testcase classname="com.botree.FieldActivityTest.ActivitySequenceTest" name="verifyUserAbleToDoActivitySequenceInPortalAndCheckWeatherItIsReflectingInApk_AS001" time="234.620"/>
  <testcase classname="com.botree.FieldActivityTest.ActivitySequenceTest" name="userAbleToVerfyActivitySequenceIsProperlyWorkingAfterClickingTheSequenceOneByOne_AS002" time="113.359"/>
  <testcase classname="com.botree.FieldActivityTest.ActivitySequenceTest" name="verifyUserAbleToResetInActivitySequencePortalAndCheckWeatherItIsReflectingInApk_AS003" time="112.882"/>
</testsuite> <!-- com.botree.FieldActivityTest.ActivitySequenceTest -->
