<?xml version="1.0" encoding="UTF-8"?>
<!-- Generated by org.testng.reporters.JUnitReportReporter -->
<testsuite hostname="PG03KMMT" failures="0" tests="1" name="com.botree.SSFA_Test.InitialLoginMobileTest" time="144.780" errors="0" timestamp="2025-04-02T20:24:44 IST" skipped="0">
  <testcase classname="com.botree.SSFA_Test.InitialLoginMobileTest" name="initialSetup" time="144.780"/>
</testsuite> <!-- com.botree.SSFA_Test.InitialLoginMobileTest -->
