<?xml version="1.0" encoding="UTF-8"?>
<!-- Generated by org.testng.reporters.JUnitReportReporter -->
<testsuite hostname="PG03KMMT" failures="0" tests="1" name="com.botree.ConfigurationTest.NotificationManagerTest_Portal" time="57.560" errors="0" timestamp="2024-06-11T12:54:14 IST" skipped="0">
  <testcase classname="com.botree.ConfigurationTest.NotificationManagerTest_Portal" name="UserAbleToSetNotificationFor_DSR" time="57.560"/>
</testsuite> <!-- com.botree.ConfigurationTest.NotificationManagerTest_Portal -->
