<?xml version="1.0" encoding="UTF-8"?>
<!-- Generated by org.testng.reporters.JUnitReportReporter -->
<testsuite hostname="PG03KMMT" failures="0" tests="1" name="com.botree.FieldActivityTest.BannerUploadTest" time="83.165" errors="0" timestamp="2024-06-11T12:54:14 IST" skipped="0">
  <testcase classname="com.botree.FieldActivityTest.BannerUploadTest" name="verifyUserAbleToDoBannerUploadInPortalAndCheckWeatherItIsReflectingInApk" time="83.165"/>
</testsuite> <!-- com.botree.FieldActivityTest.BannerUploadTest -->
