<?xml version="1.0" encoding="UTF-8"?>
<!-- Generated by org.testng.reporters.JUnitReportReporter -->
<testsuite hostname="PG03KMMT" failures="0" tests="2" name="com.botree.HierarchyTest.GeoHierarchyLevelValueTest" time="47.101" errors="0" timestamp="2024-06-11T12:54:14 IST" skipped="0">
  <testcase classname="com.botree.HierarchyTest.GeoHierarchyLevelValueTest" name="UserAbleToViewValuesInGeoHiearchy" time="20.697"/>
  <testcase classname="com.botree.HierarchyTest.GeoHierarchyLevelValueTest" name="UserAbleToCheckGeoHierarchyMappedWithMaster" time="26.404"/>
</testsuite> <!-- com.botree.HierarchyTest.GeoHierarchyLevelValueTest -->
