<?xml version="1.0" encoding="UTF-8"?>
<!-- Generated by org.testng.reporters.JUnitReportReporter -->
<testsuite hostname="PG03KMMT" failures="0" tests="1" name="com.botree.HierarchyTest.ProductHierarchyTest" time="42.199" errors="0" timestamp="2024-06-11T12:54:14 IST" skipped="0">
  <testcase classname="com.botree.HierarchyTest.ProductHierarchyTest" name="UserAbleToViewValuesInProductHiearchy" time="42.199"/>
</testsuite> <!-- com.botree.HierarchyTest.ProductHierarchyTest -->
