<?xml version="1.0" encoding="UTF-8"?>
<!-- Generated by org.testng.reporters.JUnitReportReporter -->
<testsuite hostname="PG03KMMT" failures="0" tests="1" name="com.botree.HierarchyTest.SupplyChainTest" time="37.317" errors="0" timestamp="2024-06-11T12:54:14 IST" skipped="0">
  <testcase classname="com.botree.HierarchyTest.SupplyChainTest" name="UserAbleToViewValuesInHiearchy" time="37.317"/>
</testsuite> <!-- com.botree.HierarchyTest.SupplyChainTest -->
