<?xml version="1.0" encoding="UTF-8"?>
<!-- Generated by org.testng.reporters.JUnitReportReporter -->
<testsuite hostname="PG03KMMT" failures="0" tests="2" name="com.botree.HierarchyTest.SalesHierarchyTest" time="69.807" errors="0" timestamp="2024-06-11T12:54:14 IST" skipped="0">
  <testcase classname="com.botree.HierarchyTest.SalesHierarchyTest" name="UserAbleToViewValuesInHiearchy" time="30.739"/>
  <testcase classname="com.botree.HierarchyTest.SalesHierarchyTest" name="UserAbleToCheckSalesHierarchyMappedWithMaster" time="39.068"/>
</testsuite> <!-- com.botree.HierarchyTest.SalesHierarchyTest -->
