<?xml version="1.0" encoding="UTF-8"?>
<!-- Generated by org.testng.reporters.JUnitReportReporter -->
<testsuite hostname="PG03KMMT" failures="0" tests="3" name="com.botree.FebCR_Test.ProductFilterRequirementForBiskFarm_Test" time="346.683" errors="0" timestamp="2025-03-20T19:50:49 IST" skipped="0">
  <testcase classname="com.botree.FebCR_Test.ProductFilterRequirementForBiskFarm_Test" name="userAbleToEnablePredefinedProductFilter" time="37.546"/>
  <testcase classname="com.botree.FebCR_Test.ProductFilterRequirementForBiskFarm_Test" name="userAbleToSetProductFilterAndVerifyInOrderBookingScreen" time="263.975"/>
  <testcase classname="com.botree.FebCR_Test.ProductFilterRequirementForBiskFarm_Test" name="userAbleToDisablePredefinedProductFilter" time="45.162"/>
</testsuite> <!-- com.botree.FebCR_Test.ProductFilterRequirementForBiskFarm_Test -->
