<?xml version="1.0" encoding="UTF-8"?>
<!-- Generated by org.testng.reporters.JUnitReportReporter -->
<testsuite hostname="PG03KMMT" failures="1" tests="4" name="com.botree.FebCR_Test.CapturePoDateAndNoInOrderBookingSummaryPage_Test" time="819.318" errors="0" timestamp="2025-03-20T13:04:41 IST" skipped="0">
  <testcase classname="com.botree.FebCR_Test.CapturePoDateAndNoInOrderBookingSummaryPage_Test" name="userAbleToDisablePoNumberAndDateConfiguration" time="46.287"/>
  <testcase classname="com.botree.FebCR_Test.CapturePoDateAndNoInOrderBookingSummaryPage_Test" name="userAbleToVerifyPoCaptureModuleIsDisabled" time="383.037"/>
  <testcase classname="com.botree.FebCR_Test.CapturePoDateAndNoInOrderBookingSummaryPage_Test" name="userAbleToEnablePoNumberAndDateConfiguration" time="47.118"/>
  <testcase classname="com.botree.FebCR_Test.CapturePoDateAndNoInOrderBookingSummaryPage_Test" name="userAbleToVerifyPoCaptureModuleIsEnabledAndCompleteOrderBooking" time="342.876">
    <failure message="PO Capture is need to be in Enable mode but it is in Disable mode" type="java.lang.AssertionError">
      <![CDATA[java.lang.AssertionError: PO Capture is need to be in Enable mode but it is in Disable mode
at org.testng.Assert.fail(Assert.java:111)
at com.botree.FebCR.CapturePoDateAndNoInOrderBookingSummaryPage.verifyPoCaptureIsInEnableMode(CapturePoDateAndNoInOrderBookingSummaryPage.java:641)
at com.botree.FebCR_Test.CapturePoDateAndNoInOrderBookingSummaryPage_Test.userAbleToVerifyPoCaptureModuleIsEnabledAndCompleteOrderBooking(CapturePoDateAndNoInOrderBookingSummaryPage_Test.java:130)
at java.base/jdk.internal.reflect.NativeMethodAccessorImpl.invoke0(Native Method)
at java.base/jdk.internal.reflect.NativeMethodAccessorImpl.invoke(NativeMethodAccessorImpl.java:62)
at java.base/jdk.internal.reflect.DelegatingMethodAccessorImpl.invoke(DelegatingMethodAccessorImpl.java:43)
at java.base/java.lang.reflect.Method.invoke(Method.java:566)
at org.testng.internal.invokers.MethodInvocationHelper.invokeMethod(MethodInvocationHelper.java:139)
at org.testng.internal.invokers.TestInvoker.invokeMethod(TestInvoker.java:664)
at org.testng.internal.invokers.TestInvoker.invokeTestMethod(TestInvoker.java:227)
at org.testng.internal.invokers.MethodRunner.runInSequence(MethodRunner.java:50)
at org.testng.internal.invokers.TestInvoker$MethodInvocationAgent.invoke(TestInvoker.java:957)
at org.testng.internal.invokers.TestInvoker.invokeTestMethods(TestInvoker.java:200)
at org.testng.internal.invokers.TestMethodWorker.invokeTestMethods(TestMethodWorker.java:148)
at org.testng.internal.invokers.TestMethodWorker.run(TestMethodWorker.java:128)
at java.base/java.util.ArrayList.forEach(ArrayList.java:1541)
at org.testng.TestRunner.privateRun(TestRunner.java:848)
at org.testng.TestRunner.run(TestRunner.java:621)
at org.testng.SuiteRunner.runTest(SuiteRunner.java:443)
at org.testng.SuiteRunner.runSequentially(SuiteRunner.java:437)
at org.testng.SuiteRunner.privateRun(SuiteRunner.java:397)
at org.testng.SuiteRunner.run(SuiteRunner.java:336)
at org.testng.SuiteRunnerWorker.runSuite(SuiteRunnerWorker.java:52)
at org.testng.SuiteRunnerWorker.run(SuiteRunnerWorker.java:95)
at org.testng.TestNG.runSuitesSequentially(TestNG.java:1280)
at org.testng.TestNG.runSuitesLocally(TestNG.java:1200)
at org.testng.TestNG.runSuites(TestNG.java:1114)
at org.testng.TestNG.run(TestNG.java:1082)
at org.testng.remote.AbstractRemoteTestNG.run(AbstractRemoteTestNG.java:115)
at org.testng.remote.RemoteTestNG.initAndRun(RemoteTestNG.java:251)
at org.testng.remote.RemoteTestNG.main(RemoteTestNG.java:77)
]]>
    </failure>
  </testcase> <!-- userAbleToVerifyPoCaptureModuleIsEnabledAndCompleteOrderBooking -->
</testsuite> <!-- com.botree.FebCR_Test.CapturePoDateAndNoInOrderBookingSummaryPage_Test -->
