<?xml version="1.0" encoding="UTF-8"?>
<!-- Generated by org.testng.reporters.JUnitReportReporter -->
<testsuite hostname="PG03KMMT" failures="0" tests="1" name="com.botree.ConfigurationTest.locationConfigurationTest" time="176.641" errors="0" timestamp="2024-06-05T10:30:24 IST" skipped="0">
  <testcase classname="com.botree.ConfigurationTest.locationConfigurationTest" name="verifyUserAbleToDoLocationConfigurationTestInPortalAndCheckWeatherItIsReflectingInApk" time="176.641"/>
</testsuite> <!-- com.botree.ConfigurationTest.locationConfigurationTest -->
