<?xml version="1.0" encoding="UTF-8"?>
<!-- Generated by org.testng.reporters.JUnitReportReporter -->
<testsuite hostname="PG03KMMT" failures="0" tests="1" name="com.botree.SSFA_Test.InitialLoginMobile" time="87.097" errors="0" timestamp="2024-05-07T11:45:36 IST" skipped="0">
  <testcase classname="com.botree.SSFA_Test.InitialLoginMobile" name="initialSetup" time="87.097"/>
</testsuite> <!-- com.botree.SSFA_Test.InitialLoginMobile -->
