<?xml version="1.0" encoding="UTF-8"?>
<!-- Generated by org.testng.reporters.JUnitReportReporter -->
<testsuite hostname="PG03KMMT" failures="0" tests="1" name="com.botree.FieldActivityTest.PermanentJourneyPlanTest" time="110.791" errors="0" timestamp="2024-06-11T12:54:14 IST" skipped="0">
  <testcase classname="com.botree.FieldActivityTest.PermanentJourneyPlanTest" name="verifyUserAbleToDoPermanentJourneyPlanInPortalAndCheckWeatherItIsReflectingInApk" time="110.791"/>
</testsuite> <!-- com.botree.FieldActivityTest.PermanentJourneyPlanTest -->
