<?xml version="1.0" encoding="UTF-8"?>
<!-- Generated by org.testng.reporters.JUnitReportReporter -->
<testsuite hostname="PG03KMMT" failures="0" tests="2" name="com.botree.FieldActivityTest.GroupSequenceTest" time="68.903" errors="0" timestamp="2024-06-11T12:54:14 IST" skipped="0">
  <testcase classname="com.botree.FieldActivityTest.GroupSequenceTest" name="verifyUserAbleToDoGroupSequenceActiveInPortalAndCheckWeatherItIsReflectingInApk_GS001" time="40.088"/>
  <testcase classname="com.botree.FieldActivityTest.GroupSequenceTest" name="verifyUserAbleToDoGroupSequenceInActiveInPortalAndCheckWeatherItIsReflectingInApk_GS002" time="28.815"/>
</testsuite> <!-- com.botree.FieldActivityTest.GroupSequenceTest -->
